[2024-07-03 21:02:07] local.ERROR: Class "SocialiteProviders\Manager\ServiceProvider" not found {"E80":{"status":500,"msg":"DB 에러"},"E90":{"status":500,"msg":"없는 서비스"},"E99":{"status":500,"msg":"시스템 에러"},"exception":"[object] (Error(code: 0): Class \"SocialiteProviders\\Manager\\ServiceProvider\" not found at C:\\Users\\호경\\Desktop\\코딩\\2-3_project\\HanJan\\vendor\\laravel\\framework\\src\\Illuminate\\Foundation\\ProviderRepository.php:206)
[stacktrace]
#0 C:\\Users\\호경\\Desktop\\코딩\\2-3_project\\HanJan\\vendor\\laravel\\framework\\src\\Illuminate\\Foundation\\ProviderRepository.php(142): Illuminate\\Foundation\\ProviderRepository->createProvider('SocialiteProvid...')
#1 C:\\Users\\호경\\Desktop\\코딩\\2-3_project\\HanJan\\vendor\\laravel\\framework\\src\\Illuminate\\Foundation\\ProviderRepository.php(61): Illuminate\\Foundation\\ProviderRepository->compileManifest(Array)
#2 C:\\Users\\호경\\Desktop\\코딩\\2-3_project\\HanJan\\vendor\\laravel\\framework\\src\\Illuminate\\Foundation\\Application.php(664): Illuminate\\Foundation\\ProviderRepository->load(Array)
#3 C:\\Users\\호경\\Desktop\\코딩\\2-3_project\\HanJan\\vendor\\laravel\\framework\\src\\Illuminate\\Foundation\\Bootstrap\\RegisterProviders.php(17): Illuminate\\Foundation\\Application->registerConfiguredProviders()
#4 C:\\Users\\호경\\Desktop\\코딩\\2-3_project\\HanJan\\vendor\\laravel\\framework\\src\\Illuminate\\Foundation\\Application.php(242): Illuminate\\Foundation\\Bootstrap\\RegisterProviders->bootstrap(Object(Illuminate\\Foundation\\Application))
#5 C:\\Users\\호경\\Desktop\\코딩\\2-3_project\\HanJan\\vendor\\laravel\\framework\\src\\Illuminate\\Foundation\\Console\\Kernel.php(383): Illuminate\\Foundation\\Application->bootstrapWith(Array)
#6 C:\\Users\\호경\\Desktop\\코딩\\2-3_project\\HanJan\\vendor\\laravel\\framework\\src\\Illuminate\\Foundation\\Console\\Kernel.php(153): Illuminate\\Foundation\\Console\\Kernel->bootstrap()
#7 C:\\Users\\호경\\Desktop\\코딩\\2-3_project\\HanJan\\artisan(35): Illuminate\\Foundation\\Console\\Kernel->handle(Object(Symfony\\Component\\Console\\Input\\ArgvInput), Object(Symfony\\Component\\Console\\Output\\ConsoleOutput))
#8 {main}
"} 
[2024-07-03 21:02:35] local.ERROR: Class "SocialiteProviders\Manager\ServiceProvider" not found {"E80":{"status":500,"msg":"DB 에러"},"E90":{"status":500,"msg":"없는 서비스"},"E99":{"status":500,"msg":"시스템 에러"},"exception":"[object] (Error(code: 0): Class \"SocialiteProviders\\Manager\\ServiceProvider\" not found at C:\\Users\\호경\\Desktop\\코딩\\2-3_project\\HanJan\\vendor\\laravel\\framework\\src\\Illuminate\\Foundation\\ProviderRepository.php:206)
[stacktrace]
#0 C:\\Users\\호경\\Desktop\\코딩\\2-3_project\\HanJan\\vendor\\laravel\\framework\\src\\Illuminate\\Foundation\\ProviderRepository.php(142): Illuminate\\Foundation\\ProviderRepository->createProvider('SocialiteProvid...')
#1 C:\\Users\\호경\\Desktop\\코딩\\2-3_project\\HanJan\\vendor\\laravel\\framework\\src\\Illuminate\\Foundation\\ProviderRepository.php(61): Illuminate\\Foundation\\ProviderRepository->compileManifest(Array)
#2 C:\\Users\\호경\\Desktop\\코딩\\2-3_project\\HanJan\\vendor\\laravel\\framework\\src\\Illuminate\\Foundation\\Application.php(664): Illuminate\\Foundation\\ProviderRepository->load(Array)
#3 C:\\Users\\호경\\Desktop\\코딩\\2-3_project\\HanJan\\vendor\\laravel\\framework\\src\\Illuminate\\Foundation\\Bootstrap\\RegisterProviders.php(17): Illuminate\\Foundation\\Application->registerConfiguredProviders()
#4 C:\\Users\\호경\\Desktop\\코딩\\2-3_project\\HanJan\\vendor\\laravel\\framework\\src\\Illuminate\\Foundation\\Application.php(242): Illuminate\\Foundation\\Bootstrap\\RegisterProviders->bootstrap(Object(Illuminate\\Foundation\\Application))
#5 C:\\Users\\호경\\Desktop\\코딩\\2-3_project\\HanJan\\vendor\\laravel\\framework\\src\\Illuminate\\Foundation\\Console\\Kernel.php(383): Illuminate\\Foundation\\Application->bootstrapWith(Array)
#6 C:\\Users\\호경\\Desktop\\코딩\\2-3_project\\HanJan\\vendor\\laravel\\framework\\src\\Illuminate\\Foundation\\Console\\Kernel.php(153): Illuminate\\Foundation\\Console\\Kernel->bootstrap()
#7 C:\\Users\\호경\\Desktop\\코딩\\2-3_project\\HanJan\\artisan(35): Illuminate\\Foundation\\Console\\Kernel->handle(Object(Symfony\\Component\\Console\\Input\\ArgvInput), Object(Symfony\\Component\\Console\\Output\\ConsoleOutput))
#8 {main}
"} 
[2024-07-03 21:03:37] local.ERROR: Class "SocialiteProviders\Manager\ServiceProvider" not found {"E80":{"status":500,"msg":"DB 에러"},"E90":{"status":500,"msg":"없는 서비스"},"E99":{"status":500,"msg":"시스템 에러"},"exception":"[object] (Error(code: 0): Class \"SocialiteProviders\\Manager\\ServiceProvider\" not found at C:\\Users\\호경\\Desktop\\코딩\\2-3_project\\HanJan\\vendor\\laravel\\framework\\src\\Illuminate\\Foundation\\ProviderRepository.php:206)
[stacktrace]
#0 C:\\Users\\호경\\Desktop\\코딩\\2-3_project\\HanJan\\vendor\\laravel\\framework\\src\\Illuminate\\Foundation\\ProviderRepository.php(142): Illuminate\\Foundation\\ProviderRepository->createProvider('SocialiteProvid...')
#1 C:\\Users\\호경\\Desktop\\코딩\\2-3_project\\HanJan\\vendor\\laravel\\framework\\src\\Illuminate\\Foundation\\ProviderRepository.php(61): Illuminate\\Foundation\\ProviderRepository->compileManifest(Array)
#2 C:\\Users\\호경\\Desktop\\코딩\\2-3_project\\HanJan\\vendor\\laravel\\framework\\src\\Illuminate\\Foundation\\Application.php(664): Illuminate\\Foundation\\ProviderRepository->load(Array)
#3 C:\\Users\\호경\\Desktop\\코딩\\2-3_project\\HanJan\\vendor\\laravel\\framework\\src\\Illuminate\\Foundation\\Bootstrap\\RegisterProviders.php(17): Illuminate\\Foundation\\Application->registerConfiguredProviders()
#4 C:\\Users\\호경\\Desktop\\코딩\\2-3_project\\HanJan\\vendor\\laravel\\framework\\src\\Illuminate\\Foundation\\Application.php(242): Illuminate\\Foundation\\Bootstrap\\RegisterProviders->bootstrap(Object(Illuminate\\Foundation\\Application))
#5 C:\\Users\\호경\\Desktop\\코딩\\2-3_project\\HanJan\\vendor\\laravel\\framework\\src\\Illuminate\\Foundation\\Console\\Kernel.php(383): Illuminate\\Foundation\\Application->bootstrapWith(Array)
#6 C:\\Users\\호경\\Desktop\\코딩\\2-3_project\\HanJan\\vendor\\laravel\\framework\\src\\Illuminate\\Foundation\\Console\\Kernel.php(153): Illuminate\\Foundation\\Console\\Kernel->bootstrap()
#7 C:\\Users\\호경\\Desktop\\코딩\\2-3_project\\HanJan\\artisan(35): Illuminate\\Foundation\\Console\\Kernel->handle(Object(Symfony\\Component\\Console\\Input\\ArgvInput), Object(Symfony\\Component\\Console\\Output\\ConsoleOutput))
#8 {main}
"} 
[2024-07-03 22:19:21] local.DEBUG: #######################  
[2024-07-03 22:19:21] local.DEBUG: [{"id":53,"name":"\uad6c\ub984\uc744 \ubc97\uc0bc\uc544","price":2300,"count":978,"ml":500,"img":"\/img\/DB_img\/takju_title.jpg","info":"\/img\/DB_img\/detailedcontent10.png","type":"\ud0c1\uc8fc","season":"3","created_at":"2024-06-26","updated_at":"2024-07-02","deleted_at":null,"avg_star":5},{"id":52,"name":"\ub2c8\ubaa8\uba54","price":9000,"count":962,"ml":375,"img":"\/img\/DB_img\/nimome_title.jpg","info":"\/img\/DB_img\/detailedcontent08.png","type":"\uc99d\ub958\uc8fc","season":"0","created_at":"2024-06-26","updated_at":"2024-07-02","deleted_at":null,"avg_star":4.9},{"id":55,"name":"\uc11c\uc6b8\uc758 \ubc24 25%","price":7900,"count":988,"ml":375,"img":"\/img\/DB_img\/seoul_title.jpeg","info":"\/img\/DB_img\/detailedcontent07.png","type":"\uacfc\uc77c\uc8fc","season":"1","created_at":"2024-06-26","updated_at":"2024-07-02","deleted_at":null,"avg_star":4.8},{"id":64,"name":"\uc694\uc0c8\ub85c\uc81c","price":17900,"count":985,"ml":750,"img":"\/img\/DB_img\/fruit_best4.jpg","info":"\/img\/DB_img\/detailedcontent06.png","type":"\uacfc\uc77c\uc8fc","season":"0","created_at":"2024-06-26","updated_at":"2024-07-02","deleted_at":null,"avg_star":4.6},{"id":67,"name":"\uc548\ub3d9\uc18c\uc8fc \uc77c\ud488 40% \uace8\ub4dc","price":28000,"count":977,"ml":500,"img":"\/img\/DB_img\/liquor_best3.jpeg","info":"\/img\/DB_img\/detailedcontent02.png","type":"\uc99d\ub958\uc8fc","season":"1","created_at":"2024-06-26","updated_at":"2024-07-02","deleted_at":null,"avg_star":4.5},{"id":63,"name":"\uc81c\uc8fc, \uc720\ucc44","price":9000,"count":985,"ml":375,"img":"\/img\/DB_img\/fruit_best3.jpeg","info":"\/img\/DB_img\/detailedcontent05.png","type":"\uacfc\uc77c\uc8fc","season":"1","created_at":"2024-06-26","updated_at":"2024-07-02","deleted_at":null,"avg_star":4.4},{"id":56,"name":"\ubcc4\uc0b0 \uc624\ub514 \uc2a4\ud30c\ud074\ub9c1 \ub9c9\uac78\ub9ac","price":11700,"count":987,"ml":800,"img":"\/img\/DB_img\/odi_title.jpeg","info":"\/img\/DB_img\/detailedcontent09.png","type":"\ud0c1\uc8fc","season":"0","created_at":"2024-06-26","updated_at":"2024-07-02","deleted_at":null,"avg_star":4.3},{"id":65,"name":"\ub9e4\uc2e4\uc6d0\uc8fc","price":6200,"count":996,"ml":375,"img":"\/img\/DB_img\/liquor_best1.jpg","info":"\/img\/DB_img\/detailedcontent04.png","type":"\uc99d\ub958\uc8fc","season":"3","created_at":"2024-06-26","updated_at":"2024-07-02","deleted_at":null,"avg_star":4.3},{"id":54,"name":"\ubb34\uc8fc \uad6c\ucc9c\ub3d9 \uc0b0\uba38\ub8e8\uc8fc","price":15000,"count":990,"ml":750,"img":"\/img\/DB_img\/muju_title.jpeg","info":"\/img\/DB_img\/detailedcontent11.png","type":"\uc99d\ub958\uc8fc","season":"2","created_at":"2024-06-26","updated_at":"2024-07-02","deleted_at":null,"avg_star":4.2},{"id":68,"name":"\uafc0\uc0d816","price":12000,"count":988,"ml":375,"img":"\/img\/DB_img\/liquor_best4.jpeg","info":"\/img\/DB_img\/detailedcontent03.png","type":"\uc99d\ub958\uc8fc","season":"0","created_at":"2024-06-26","updated_at":"2024-07-02","deleted_at":null,"avg_star":4.2},{"id":61,"name":"\ud63c\ub514\uc8fc","price":8000,"count":984,"ml":330,"img":"\/img\/DB_img\/fruit_best1.jpg","info":"\/img\/DB_img\/fruit_best1.jpg","type":"\uacfc\uc77c\uc8fc","season":"3","created_at":"2024-06-26","updated_at":"2024-07-02","deleted_at":null,"avg_star":4}]  
