[2024-06-16 22:23:41] local.DEBUG: [{"ba_id":11,"u_id":1,"p_id":50,"ba_count":7,"created_at":"2024-06-13 12:49:25","deleted_at":null,"id":1,"name":"\uc0c1\ud488\uc774\ub984","price":39000,"count":103,"ml":594,"img":"\/img\/best.png","info":"\/img\/bag.png","type":"0","w_flg":"0","updated_at":"2024-06-13 12:49:25"},{"ba_id":8,"u_id":1,"p_id":17,"ba_count":8,"created_at":"2024-06-13 12:49:25","deleted_at":null,"id":1,"name":"\uc0c1\ud488\uc774\ub98417","price":50000,"count":186,"ml":583,"img":"\/img\/best.png","info":"\/img\/bag.png","type":"0","w_flg":"0","updated_at":"2024-06-13 12:49:25"},{"ba_id":7,"u_id":1,"p_id":35,"ba_count":7,"created_at":"2024-06-13 12:49:25","deleted_at":null,"id":1,"name":"\uc0c1\ud488\uc774\ub984","price":33000,"count":129,"ml":415,"img":"\/img\/best.png","info":"\/img\/bag.png","type":"0","w_flg":"0","updated_at":"2024-06-13 12:49:25"}]  
[2024-06-16 22:23:41] local.DEBUG: array (
  'code' => '0',
  'msg' => '초기 장바구니 상품 획득 완료',
  'data' => 
  array (
    0 => 
    array (
      'ba_id' => 11,
      'u_id' => 1,
      'p_id' => 50,
      'ba_count' => 7,
      'created_at' => '2024-06-13 12:49:25',
      'deleted_at' => NULL,
      'id' => 1,
      'name' => '상품이름',
      'price' => 39000,
      'count' => 103,
      'ml' => 594,
      'img' => '/img/best.png',
      'info' => '/img/bag.png',
      'type' => '0',
      'w_flg' => '0',
      'updated_at' => '2024-06-13 12:49:25',
    ),
    1 => 
    array (
      'ba_id' => 8,
      'u_id' => 1,
      'p_id' => 17,
      'ba_count' => 8,
      'created_at' => '2024-06-13 12:49:25',
      'deleted_at' => NULL,
      'id' => 1,
      'name' => '상품이름17',
      'price' => 50000,
      'count' => 186,
      'ml' => 583,
      'img' => '/img/best.png',
      'info' => '/img/bag.png',
      'type' => '0',
      'w_flg' => '0',
      'updated_at' => '2024-06-13 12:49:25',
    ),
    2 => 
    array (
      'ba_id' => 7,
      'u_id' => 1,
      'p_id' => 35,
      'ba_count' => 7,
      'created_at' => '2024-06-13 12:49:25',
      'deleted_at' => NULL,
      'id' => 1,
      'name' => '상품이름',
      'price' => 33000,
      'count' => 129,
      'ml' => 415,
      'img' => '/img/best.png',
      'info' => '/img/bag.png',
      'type' => '0',
      'w_flg' => '0',
      'updated_at' => '2024-06-13 12:49:25',
    ),
  ),
)  
[2024-06-16 22:27:39] local.DEBUG: [{"ba_id":11,"u_id":1,"p_id":50,"ba_count":7,"created_at":"2024-06-13 12:49:25","deleted_at":null,"id":1,"name":"\uc0c1\ud488\uc774\ub984","price":39000,"count":103,"ml":594,"img":"\/img\/best.png","info":"\/img\/bag.png","type":"0","w_flg":"0","updated_at":"2024-06-13 12:49:25"},{"ba_id":8,"u_id":1,"p_id":17,"ba_count":8,"created_at":"2024-06-13 12:49:25","deleted_at":null,"id":1,"name":"\uc0c1\ud488\uc774\ub98417","price":50000,"count":186,"ml":583,"img":"\/img\/best.png","info":"\/img\/bag.png","type":"0","w_flg":"0","updated_at":"2024-06-13 12:49:25"},{"ba_id":7,"u_id":1,"p_id":35,"ba_count":7,"created_at":"2024-06-13 12:49:25","deleted_at":null,"id":1,"name":"\uc0c1\ud488\uc774\ub984","price":33000,"count":129,"ml":415,"img":"\/img\/best.png","info":"\/img\/bag.png","type":"0","w_flg":"0","updated_at":"2024-06-13 12:49:25"}]  
[2024-06-16 22:27:39] local.DEBUG: array (
  'code' => '0',
  'msg' => '초기 장바구니 상품 획득 완료',
  'data' => 
  array (
    0 => 
    array (
      'ba_id' => 11,
      'u_id' => 1,
      'p_id' => 50,
      'ba_count' => 7,
      'created_at' => '2024-06-13 12:49:25',
      'deleted_at' => NULL,
      'id' => 1,
      'name' => '상품이름',
      'price' => 39000,
      'count' => 103,
      'ml' => 594,
      'img' => '/img/best.png',
      'info' => '/img/bag.png',
      'type' => '0',
      'w_flg' => '0',
      'updated_at' => '2024-06-13 12:49:25',
    ),
    1 => 
    array (
      'ba_id' => 8,
      'u_id' => 1,
      'p_id' => 17,
      'ba_count' => 8,
      'created_at' => '2024-06-13 12:49:25',
      'deleted_at' => NULL,
      'id' => 1,
      'name' => '상품이름17',
      'price' => 50000,
      'count' => 186,
      'ml' => 583,
      'img' => '/img/best.png',
      'info' => '/img/bag.png',
      'type' => '0',
      'w_flg' => '0',
      'updated_at' => '2024-06-13 12:49:25',
    ),
    2 => 
    array (
      'ba_id' => 7,
      'u_id' => 1,
      'p_id' => 35,
      'ba_count' => 7,
      'created_at' => '2024-06-13 12:49:25',
      'deleted_at' => NULL,
      'id' => 1,
      'name' => '상품이름',
      'price' => 33000,
      'count' => 129,
      'ml' => 415,
      'img' => '/img/best.png',
      'info' => '/img/bag.png',
      'type' => '0',
      'w_flg' => '0',
      'updated_at' => '2024-06-13 12:49:25',
    ),
  ),
)  
